VirtualBox COM Server 5.2.4 r119785 win.amd64 (Dec 18 2017 15:47:18) release log
00:00:00.218763 main     Log opened 2022-03-02T08:26:27.286211500Z
00:00:00.218763 main     Build Type: release
00:00:00.218763 main     OS Product: Windows 10
00:00:00.218763 main     OS Release: 10.0.18363
00:00:00.218763 main     OS Service Pack: 
00:00:00.421903 main     DMI Product Name: HP Laptop 15-bw0xx
00:00:00.546910 main     DMI Product Version: Type1ProductConfigId
00:00:00.546910 main     Host RAM: 3981MB (3.8GB) total, 444MB available
00:00:00.546910 main     Executable: C:\Program Files\Oracle\VirtualBox\VBoxSVC.exe
00:00:00.546910 main     Process ID: 14052
00:00:00.546910 main     Package type: WINDOWS_64BITS_GENERIC
00:00:00.609414          VirtualBox: object creation starts
00:00:00.625039          Home directory: 'C:\Users\uwhub\.VirtualBox'
00:00:00.656292          Installed Drivers:
00:00:00.703171            C:\Windows\system32\DRIVERS\VBoxNetLwf.sys (Version: 5.2.4.19785)
00:00:00.703171            C:\Windows\system32\DRIVERS\VBoxUSBMon.sys (Version: 5.2.4.19785)
00:00:00.750047            C:\Windows\system32\DRIVERS\VBoxDrv.sys (Version: 5.2.4.19785)
00:00:00.750047            C:\Windows\system32\DRIVERS\VBoxNetAdp6.sys (Version: 5.2.4.19785)
00:00:00.968812          Loading settings file "C:\Users\uwhub\.VirtualBox\VirtualBox.xml" with version "1.12-windows"
00:00:01.062585          Getting USB descriptor failed with error 31
00:00:01.137329          Getting USB descriptor failed with error 31
00:00:01.168590          USB: Unknown USB device detected (idVendor: 0x0bda, idProduct: 0x58ed)
00:00:01.168590          USB: Unknown USB device detected (idVendor: 0x0bda, idProduct: 0xb009)
00:00:02.286592          HostDnsMonitorProxy::notify
00:00:02.552201          SUPR0QueryVTCaps -> VERR_SVM_DISABLED
00:00:02.599077          VD: VDInit finished with VINF_SUCCESS
00:00:02.833469          Loading settings file "C:\Users\uwhub\VirtualBox VMs\OSX\OSX.vbox" with version "1.15-windows"
00:00:02.942850          VirtualBox: object created
00:00:41.165632          ERROR [COM]: aRC=VBOX_E_OBJECT_NOT_FOUND (0x80bb0001) aIID={edba9d10-45d8-b440-1712-46ac0c9bc4c5} aComponent={ExtPackManagerWrap} aText={No extension pack by the name 'Oracle VM VirtualBox Extension Pack' was found}, preserve=false aResultDetail=0
00:00:43.177599          ERROR [COM]: aRC=VBOX_E_IPRT_ERROR (0x80bb0005) aIID={85cd948e-a71f-4289-281e-0ca7ad48cd89} aComponent={SessionMachine} aText={Saved screenshot data is not available (VERR_NOT_SUPPORTED)}, preserve=false aResultDetail=0
00:00:58.805447          Saving settings file "C:\Users\uwhub\.VirtualBox\VirtualBox.xml" with version "1.12-windows"
00:00:59.062446          Saving settings file "C:\Users\uwhub\.VirtualBox\VirtualBox.xml" with version "1.12-windows"
00:01:37.658599          Saving settings file "C:\Users\uwhub\VirtualBox VMs\OSX\OSX.vbox" with version "1.15-windows"
00:01:44.468936 main     VirtualBox: object deletion starts
00:01:44.468936 main     ERROR [COM]: aRC=VBOX_E_OBJECT_IN_USE (0x80bb000c) aIID={4afe423b-43e0-e9d0-82e8-ceb307940dda} aComponent={MediumWrap} aText={Medium 'C:\Users\uwhub\VirtualBox VMs\OSX\OSX.vdi' cannot be closed because it is still attached to 1 virtual machines}, preserve=false aResultDetail=0
00:01:44.484575 Watcher  ERROR [COM]: aRC=E_ACCESSDENIED (0x80070005) aIID={9570b9d5-f1a1-448a-10c5-e12f5285adad} aComponent={VirtualBoxWrap} aText={The object is not ready}, preserve=false aResultDetail=0
00:01:44.500191 main     VirtualBox: object deleted
